2025-10-23 15:09:30,832 - INFO - Starting text normalization on 'content' column...
2025-10-23 15:09:30,837 - INFO - Text normalization complete.
2025-10-23 15:09:30,840 - ERROR - 'content' column not found in DataFrame.
2025-10-23 15:42:25,238 - INFO - Starting text normalization on 'content' column...
2025-10-23 15:42:25,239 - INFO - Text normalization complete.
2025-10-23 15:42:25,245 - ERROR - 'content' column not found in DataFrame.
2025-10-23 15:43:36,514 - INFO - Starting text normalization on 'content' column...
2025-10-23 15:43:36,517 - INFO - Text normalization complete.
2025-10-23 15:43:36,520 - ERROR - 'content' column not found in DataFrame.
2025-11-06 09:50:07,258 - INFO - Starting text normalization on 'content' column...
2025-11-06 09:50:07,260 - INFO - Text normalization complete.
2025-11-06 09:50:07,265 - ERROR - 'content' column not found in DataFrame.
2025-11-06 09:50:08,362 - INFO - Starting tokenization...
2025-11-06 09:50:08,437 - INFO - Tokenization complete.
2025-11-06 09:50:08,833 - INFO - Starting tokenization...
2025-11-06 09:50:08,835 - INFO - Tokenization complete.
2025-11-06 09:50:14,691 - INFO - Starting text normalization on 'content' column...
2025-11-06 09:50:15,938 - INFO - Text normalization complete.
2025-11-06 09:50:16,405 - INFO - Starting tokenization...
2025-11-06 09:50:17,371 - INFO - Tokenization complete.
2025-11-06 09:50:17,601 - INFO - Splitting dataset into 80/20 train/validation...
2025-11-06 09:50:17,610 - INFO - Train size: 9996, Validation size: 2499
2025-11-06 09:52:55,687 - INFO - Starting text normalization on 'content' column...
2025-11-06 09:52:55,688 - INFO - Text normalization complete.
2025-11-06 09:52:55,692 - ERROR - 'content' column not found in DataFrame.
2025-11-06 09:52:56,468 - INFO - Starting tokenization...
2025-11-06 09:52:56,470 - INFO - Tokenization complete.
2025-11-06 09:52:56,919 - INFO - Starting tokenization...
2025-11-06 09:52:56,922 - INFO - Tokenization complete.
2025-11-06 09:53:03,703 - INFO - Starting text normalization on 'content' column...
2025-11-06 09:53:06,001 - INFO - Text normalization complete.
2025-11-06 09:53:06,472 - INFO - Starting tokenization...
2025-11-06 09:53:07,324 - INFO - Tokenization complete.
2025-11-06 09:53:07,541 - INFO - Splitting dataset into 80/20 train/validation...
2025-11-06 09:53:07,547 - INFO - Train size: 9996, Validation size: 2499
2025-11-06 09:54:40,036 - INFO - Starting text normalization on 'content' column...
2025-11-06 09:54:40,037 - INFO - Text normalization complete.
2025-11-06 09:54:40,040 - ERROR - 'content' column not found in DataFrame.
2025-11-06 09:54:40,911 - INFO - Starting tokenization...
2025-11-06 09:54:40,914 - INFO - Tokenization complete.
2025-11-06 09:54:41,349 - INFO - Starting tokenization...
2025-11-06 09:54:41,352 - INFO - Tokenization complete.
2025-11-06 09:54:47,936 - INFO - Starting text normalization on 'content' column...
2025-11-06 09:54:49,975 - INFO - Text normalization complete.
2025-11-06 09:54:50,372 - INFO - Starting tokenization...
2025-11-06 09:54:51,515 - INFO - Tokenization complete.
2025-11-06 09:54:51,883 - INFO - Splitting dataset into 80/20 train/validation...
2025-11-06 09:54:51,892 - INFO - Train size: 9996, Validation size: 2499
2025-11-06 09:56:55,166 - INFO - Starting text normalization on 'content' column...
2025-11-06 09:56:55,167 - INFO - Text normalization complete.
2025-11-06 09:56:55,168 - ERROR - 'content' column not found in DataFrame.
2025-11-06 09:56:55,932 - INFO - Starting tokenization...
2025-11-06 09:56:55,938 - INFO - Tokenization complete.
2025-11-06 09:56:56,362 - INFO - Starting tokenization...
2025-11-06 09:56:56,364 - INFO - Tokenization complete.
2025-11-06 09:57:03,485 - INFO - Starting text normalization on 'content' column...
2025-11-06 09:57:05,753 - INFO - Text normalization complete.
2025-11-06 09:57:06,200 - INFO - Starting tokenization...
2025-11-06 09:57:07,111 - INFO - Tokenization complete.
2025-11-06 09:57:07,333 - INFO - Splitting dataset into 80/20 train/validation...
2025-11-06 09:57:07,340 - INFO - Train size: 9996, Validation size: 2499
2025-11-06 09:59:04,510 - INFO - Starting text normalization on 'content' column...
2025-11-06 09:59:04,511 - INFO - Text normalization complete.
2025-11-06 09:59:04,514 - ERROR - 'content' column not found in DataFrame.
2025-11-06 09:59:05,417 - INFO - Starting tokenization...
2025-11-06 09:59:05,424 - INFO - Tokenization complete.
2025-11-06 09:59:05,939 - INFO - Starting tokenization...
2025-11-06 09:59:05,942 - INFO - Tokenization complete.
2025-11-06 09:59:11,518 - INFO - Starting text normalization on 'content' column...
2025-11-06 09:59:12,744 - INFO - Text normalization complete.
2025-11-06 09:59:13,155 - INFO - Starting tokenization...
2025-11-06 09:59:13,986 - INFO - Tokenization complete.
2025-11-06 09:59:14,189 - INFO - Splitting dataset into 80/20 train/validation...
2025-11-06 09:59:14,196 - INFO - Train size: 9996, Validation size: 2499
2025-11-06 10:01:06,954 - INFO - Starting text normalization on 'content' column...
2025-11-06 10:01:06,956 - INFO - Text normalization complete.
2025-11-06 10:01:06,959 - ERROR - 'content' column not found in DataFrame.
2025-11-06 10:01:07,973 - INFO - Starting tokenization...
2025-11-06 10:01:07,976 - INFO - Tokenization complete.
2025-11-06 10:01:08,395 - INFO - Starting tokenization...
2025-11-06 10:01:08,398 - INFO - Tokenization complete.
2025-11-06 10:01:15,634 - INFO - Starting text normalization on 'content' column...
2025-11-06 10:01:17,061 - INFO - Text normalization complete.
2025-11-06 10:01:17,553 - INFO - Starting tokenization...
2025-11-06 10:01:18,428 - INFO - Tokenization complete.
2025-11-06 10:01:18,658 - INFO - Splitting dataset into 80/20 train/validation...
2025-11-06 10:01:18,664 - INFO - Train size: 9996, Validation size: 2499
2025-11-06 10:02:22,278 - INFO - Starting text normalization on 'content' column...
2025-11-06 10:02:22,279 - INFO - Text normalization complete.
2025-11-06 10:02:22,283 - ERROR - 'content' column not found in DataFrame.
2025-11-06 10:02:23,439 - INFO - Starting tokenization...
2025-11-06 10:02:23,442 - INFO - Tokenization complete.
2025-11-06 10:02:23,894 - INFO - Starting tokenization...
2025-11-06 10:02:23,897 - INFO - Tokenization complete.
2025-11-06 10:02:30,863 - INFO - Starting text normalization on 'content' column...
2025-11-06 10:02:32,497 - INFO - Text normalization complete.
2025-11-06 10:02:32,929 - INFO - Starting tokenization...
2025-11-06 10:02:34,069 - INFO - Tokenization complete.
2025-11-06 10:02:34,411 - INFO - Splitting dataset into 80/20 train/validation...
2025-11-06 10:02:34,417 - INFO - Train size: 9996, Validation size: 2499
2025-11-06 10:04:06,642 - INFO - Starting text normalization on 'content' column...
2025-11-06 10:04:06,643 - INFO - Text normalization complete.
2025-11-06 10:04:06,646 - ERROR - 'content' column not found in DataFrame.
2025-11-06 10:04:07,655 - INFO - Starting tokenization...
2025-11-06 10:04:07,657 - INFO - Tokenization complete.
2025-11-06 10:04:08,079 - INFO - Starting tokenization...
2025-11-06 10:04:08,081 - INFO - Tokenization complete.
2025-11-06 10:04:13,630 - INFO - Starting text normalization on 'content' column...
2025-11-06 10:04:14,899 - INFO - Text normalization complete.
2025-11-06 10:04:15,513 - INFO - Starting tokenization...
2025-11-06 10:04:16,623 - INFO - Tokenization complete.
2025-11-06 10:04:16,845 - INFO - Splitting dataset into 80/20 train/validation...
2025-11-06 10:04:16,853 - INFO - Train size: 9996, Validation size: 2499
2025-11-06 10:05:49,825 - INFO - Starting text normalization on 'content' column...
2025-11-06 10:05:49,826 - INFO - Text normalization complete.
2025-11-06 10:05:49,832 - ERROR - 'content' column not found in DataFrame.
2025-11-06 10:05:51,486 - INFO - Starting tokenization...
2025-11-06 10:05:51,491 - INFO - Tokenization complete.
2025-11-06 10:05:51,901 - INFO - Starting tokenization...
2025-11-06 10:05:51,902 - INFO - Tokenization complete.
2025-11-06 10:06:00,885 - INFO - Starting text normalization on 'content' column...
2025-11-06 10:06:03,105 - INFO - Text normalization complete.
2025-11-06 10:06:03,620 - INFO - Starting tokenization...
2025-11-06 10:06:04,544 - INFO - Tokenization complete.
2025-11-06 10:06:04,753 - INFO - Splitting dataset into 80/20 train/validation...
2025-11-06 10:06:04,765 - INFO - Train size: 9996, Validation size: 2499
2025-11-06 10:09:57,654 - INFO - Starting text normalization on 'content' column...
2025-11-06 10:09:57,655 - INFO - Text normalization complete.
2025-11-06 10:09:57,662 - ERROR - 'content' column not found in DataFrame.
2025-11-06 10:09:58,493 - INFO - Starting tokenization...
2025-11-06 10:09:58,498 - INFO - Tokenization complete.
2025-11-06 10:09:58,950 - INFO - Starting tokenization...
2025-11-06 10:09:58,953 - INFO - Tokenization complete.
2025-11-06 10:10:06,894 - INFO - Starting text normalization on 'content' column...
2025-11-06 10:10:09,420 - INFO - Text normalization complete.
2025-11-06 10:10:09,844 - INFO - Starting tokenization...
2025-11-06 10:10:10,742 - INFO - Tokenization complete.
2025-11-06 10:10:10,948 - INFO - Splitting dataset into 80/20 train/validation...
2025-11-06 10:10:10,954 - INFO - Train size: 9996, Validation size: 2499
2025-11-06 10:12:10,320 - INFO - Starting text normalization on 'content' column...
2025-11-06 10:12:10,321 - INFO - Text normalization complete.
2025-11-06 10:12:10,325 - ERROR - 'content' column not found in DataFrame.
2025-11-06 10:12:11,524 - INFO - Starting tokenization...
2025-11-06 10:12:11,528 - INFO - Tokenization complete.
2025-11-06 10:12:11,951 - INFO - Starting tokenization...
2025-11-06 10:12:11,953 - INFO - Tokenization complete.
2025-11-06 10:12:20,409 - INFO - Starting text normalization on 'content' column...
2025-11-06 10:12:22,143 - INFO - Text normalization complete.
2025-11-06 10:12:22,534 - INFO - Starting tokenization...
2025-11-06 10:12:23,425 - INFO - Tokenization complete.
2025-11-06 10:12:23,605 - INFO - Splitting dataset into 80/20 train/validation...
2025-11-06 10:12:23,610 - INFO - Train size: 9996, Validation size: 2499
2025-11-06 10:13:13,356 - INFO - Starting text normalization on 'content' column...
2025-11-06 10:13:13,356 - INFO - Text normalization complete.
2025-11-06 10:13:13,358 - ERROR - 'content' column not found in DataFrame.
2025-11-06 10:13:14,291 - INFO - Starting tokenization...
2025-11-06 10:13:14,293 - INFO - Tokenization complete.
2025-11-06 10:13:15,064 - INFO - Starting tokenization...
2025-11-06 10:13:15,066 - INFO - Tokenization complete.
2025-11-06 10:13:24,127 - INFO - Starting text normalization on 'content' column...
2025-11-06 10:13:26,840 - INFO - Text normalization complete.
2025-11-06 10:13:27,301 - INFO - Starting tokenization...
2025-11-06 10:13:28,693 - INFO - Tokenization complete.
2025-11-06 10:13:29,148 - INFO - Splitting dataset into 80/20 train/validation...
2025-11-06 10:13:29,160 - INFO - Train size: 9996, Validation size: 2499
2025-11-06 10:22:09,020 - INFO - Starting text normalization on 'content' column...
2025-11-06 10:22:09,021 - INFO - Text normalization complete.
2025-11-06 10:22:09,024 - ERROR - 'content' column not found in DataFrame.
2025-11-06 10:22:09,750 - INFO - Starting tokenization...
2025-11-06 10:22:09,752 - INFO - Tokenization complete.
2025-11-06 10:22:10,304 - INFO - Starting tokenization...
2025-11-06 10:22:10,307 - INFO - Tokenization complete.
2025-11-06 10:22:18,063 - INFO - Starting text normalization on 'content' column...
2025-11-06 10:22:19,964 - INFO - Text normalization complete.
2025-11-06 10:22:20,413 - INFO - Starting tokenization...
2025-11-06 10:22:21,253 - INFO - Tokenization complete.
2025-11-06 10:22:21,445 - INFO - Splitting dataset into 80/20 train/validation...
2025-11-06 10:22:21,452 - INFO - Train size: 9996, Validation size: 2499
2025-11-06 10:24:49,097 - INFO - Starting text normalization on 'content' column...
2025-11-06 10:24:49,098 - INFO - Text normalization complete.
2025-11-06 10:24:49,100 - ERROR - 'content' column not found in DataFrame.
2025-11-06 10:24:49,932 - INFO - Starting tokenization...
2025-11-06 10:24:49,934 - INFO - Tokenization complete.
2025-11-06 10:24:50,384 - INFO - Starting tokenization...
2025-11-06 10:24:50,386 - INFO - Tokenization complete.
2025-11-06 10:24:58,558 - INFO - Starting text normalization on 'content' column...
2025-11-06 10:25:00,238 - INFO - Text normalization complete.
2025-11-06 10:25:00,759 - INFO - Starting tokenization...
2025-11-06 10:25:01,634 - INFO - Tokenization complete.
2025-11-06 10:25:01,816 - INFO - Splitting dataset into 80/20 train/validation...
2025-11-06 10:25:01,820 - INFO - Train size: 9996, Validation size: 2499
